# JRE version: OpenJDK Runtime Environment (11.0.11+9) (build 11.0.11+9-b60-7590822)
# Java VM: OpenJDK 64-Bit Server VM (11.0.11+9-b60-7590822, mixed mode, tiered, compressed oops, g1 gc, windows-amd64)
Heap:
 garbage-first heap   total 118784K, used 32014K [0x00000000a0000000, 0x0000000100000000)
  region size 1024K, 13 young (13312K), 4 survivors (4096K)
 Metaspace       used 36333K, capacity 37023K, committed 37120K, reserved 1081344K
  class space    used 4604K, capacity 4862K, committed 4864K, reserved 1048576K
GC Heap History (16 events):
Event: 0.670 GC heap before
{Heap before GC invocations=0 (full 0):
 garbage-first heap   total 98304K, used 19456K [0x00000000a0000000, 0x0000000100000000)
  region size 1024K, 14 young (14336K), 0 survivors (0K)
 Metaspace       used 7469K, capacity 7611K, committed 7680K, reserved 1056768K
  class space    used 688K, capacity 748K, committed 768K, reserved 1048576K
}
Event: 0.677 GC heap after
{Heap after GC invocations=1 (full 0):
 garbage-first heap   total 98304K, used 7824K [0x00000000a0000000, 0x0000000100000000)
  region size 1024K, 2 young (2048K), 2 survivors (2048K)
 Metaspace       used 7469K, capacity 7611K, committed 7680K, reserved 1056768K
  class space    used 688K, capacity 748K, committed 768K, reserved 1048576K
}
Event: 0.837 GC heap before
{Heap before GC invocations=1 (full 0):
 garbage-first heap   total 98304K, used 10896K [0x00000000a0000000, 0x0000000100000000)
  region size 1024K, 5 young (5120K), 2 survivors (2048K)
 Metaspace       used 9293K, capacity 9491K, committed 9728K, reserved 1058816K
  class space    used 935K, capacity 994K, committed 1024K, reserved 1048576K
}
Event: 0.841 GC heap after
{Heap after GC invocations=2 (full 0):
 garbage-first heap   total 98304K, used 8218K [0x00000000a0000000, 0x0000000100000000)
  region size 1024K, 1 young (1024K), 1 survivors (1024K)
 Metaspace       used 9293K, capacity 9491K, committed 9728K, reserved 1058816K
  class space    used 935K, capacity 994K, committed 1024K, reserved 1048576K
}
Event: 2.015 GC heap before
{Heap before GC invocations=2 (full 0):
 garbage-first heap   total 98304K, used 29722K [0x00000000a0000000, 0x0000000100000000)
  region size 1024K, 22 young (22528K), 1 survivors (1024K)
 Metaspace       used 10552K, capacity 10705K, committed 11008K, reserved 1058816K
  class space    used 1100K, capacity 1164K, committed 1280K, reserved 1048576K
}
Event: 2.018 GC heap after
{Heap after GC invocations=3 (full 0):
 garbage-first heap   total 98304K, used 8916K [0x00000000a0000000, 0x0000000100000000)
  region size 1024K, 2 young (2048K), 2 survivors (2048K)
 Metaspace       used 10552K, capacity 10705K, committed 11008K, reserved 1058816K
  class space    used 1100K, capacity 1164K, committed 1280K, reserved 1048576K
}
Event: 3.535 GC heap before
{Heap before GC invocations=3 (full 0):
 garbage-first heap   total 98304K, used 43732K [0x00000000a0000000, 0x0000000100000000)
  region size 1024K, 37 young (37888K), 2 survivors (2048K)
 Metaspace       used 14907K, capacity 15275K, committed 15488K, reserved 1062912K
  class space    used 1698K, capacity 1819K, committed 1920K, reserved 1048576K
}
Event: 3.554 GC heap after
{Heap after GC invocations=4 (full 0):
 garbage-first heap   total 98304K, used 14294K [0x00000000a0000000, 0x0000000100000000)
  region size 1024K, 5 young (5120K), 5 survivors (5120K)
 Metaspace       used 14907K, capacity 15275K, committed 15488K, reserved 1062912K
  class space    used 1698K, capacity 1819K, committed 1920K, reserved 1048576K
}
Event: 5.495 GC heap before
{Heap before GC invocations=4 (full 0):
 garbage-first heap   total 98304K, used 49110K [0x00000000a0000000, 0x0000000100000000)
  region size 1024K, 40 young (40960K), 5 survivors (5120K)
 Metaspace       used 20595K, capacity 21065K, committed 21248K, reserved 1067008K
  class space    used 2526K, capacity 2691K, committed 2816K, reserved 1048576K
}
Event: 5.508 GC heap after
{Heap after GC invocations=5 (full 0):
 garbage-first heap   total 98304K, used 16268K [0x00000000a0000000, 0x0000000100000000)
  region size 1024K, 2 young (2048K), 2 survivors (2048K)
 Metaspace       used 20595K, capacity 21065K, committed 21248K, reserved 1067008K
  class space    used 2526K, capacity 2691K, committed 2816K, reserved 1048576K
}
Event: 6.421 GC heap before
{Heap before GC invocations=6 (full 0):
 garbage-first heap   total 98304K, used 57228K [0x00000000a0000000, 0x0000000100000000)
  region size 1024K, 42 young (43008K), 2 survivors (2048K)
 Metaspace       used 25229K, capacity 25794K, committed 26112K, reserved 1071104K
  class space    used 3263K, capacity 3483K, committed 3584K, reserved 1048576K
}
Event: 6.432 GC heap after
{Heap after GC invocations=7 (full 0):
 garbage-first heap   total 118784K, used 17814K [0x00000000a0000000, 0x0000000100000000)
  region size 1024K, 4 young (4096K), 4 survivors (4096K)
 Metaspace       used 25229K, capacity 25794K, committed 26112K, reserved 1071104K
  class space    used 3263K, capacity 3483K, committed 3584K, reserved 1048576K
}
Event: 7.911 GC heap before
{Heap before GC invocations=7 (full 0):
 garbage-first heap   total 118784K, used 66966K [0x00000000a0000000, 0x0000000100000000)
  region size 1024K, 52 young (53248K), 4 survivors (4096K)
 Metaspace       used 33305K, capacity 33936K, committed 34048K, reserved 1079296K
  class space    used 4287K, capacity 4516K, committed 4608K, reserved 1048576K
}
Event: 7.920 GC heap after
{Heap after GC invocations=8 (full 0):
 garbage-first heap   total 118784K, used 20766K [0x00000000a0000000, 0x0000000100000000)
  region size 1024K, 7 young (7168K), 7 survivors (7168K)
 Metaspace       used 33305K, capacity 33936K, committed 34048K, reserved 1079296K
  class space    used 4287K, capacity 4516K, committed 4608K, reserved 1048576K
}
Event: 8.224 GC heap before
{Heap before GC invocations=8 (full 0):
 garbage-first heap   total 118784K, used 35102K [0x00000000a0000000, 0x0000000100000000)
  region size 1024K, 20 young (20480K), 7 survivors (7168K)
 Metaspace       used 35089K, capacity 35735K, committed 35840K, reserved 1081344K
  class space    used 4510K, capacity 4775K, committed 4864K, reserved 1048576K
}
Event: 8.239 GC heap after
{Heap after GC invocations=9 (full 0):
 garbage-first heap   total 118784K, used 23822K [0x00000000a0000000, 0x0000000100000000)
  region size 1024K, 4 young (4096K), 4 survivors (4096K)
 Metaspace       used 35089K, capacity 35735K, committed 35840K, reserved 1081344K
  class space    used 4510K, capacity 4775K, committed 4864K, reserved 1048576K
}

